<?xml version="1.0" encoding="UTF-8"?>
<!-- Generated by org.testng.reporters.JUnitXMLReporter -->
<testsuite ignored="2" hostname="LAPTOP-5CK4J9DQ" failures="1" tests="2" name="Smoke Test" time="12.15" errors="0" timestamp="2023-12-07T01:50:09 EST">
  <testcase classname="com.amazon.registrationTest.RegistrationTest" name="aloResgistrtion" time="2.16"/>
  <testcase classname="com.amazon.registrationTest.RegistrationTest2" name="rudelaResgistrtion" time="1.335">
    <failure type="java.lang.AssertionError" message="expected [Amazon Registration] but found [amazon]">
      <![CDATA[java.lang.AssertionError: expected [Amazon Registration] but found [amazon]
at com.amazon.registrationTest.RegistrationTest2.rudelaResgistrtion(RegistrationTest2.java:36)
at java.base/java.util.ArrayList.forEach(ArrayList.java:1511)
... Removed 31 stack frames]]>
    </failure>
  </testcase> <!-- rudelaResgistrtion -->
  <testcase classname="com.amazon.registrationTest.RegistrationTest" name="sokalResgistrtion" time="0.0">
    <ignored/>
  </testcase> <!-- sokalResgistrtion -->
  <testcase classname="com.amazon.registrationTest.RegistrationTest2" name="porontolResgistrtion" time="0.0">
    <ignored/>
  </testcase> <!-- porontolResgistrtion -->
</testsuite> <!-- Smoke Test -->
