<?xml version="1.0" encoding="UTF-8"?>
<!-- Generated by org.testng.reporters.JUnitXMLReporter -->
<testsuite ignored="0" hostname="LAPTOP-5CK4J9DQ" failures="0" tests="4" name="Test" time="37.722" errors="0" timestamp="2023-12-02T20:15:25 EST">
  <testcase classname="com.amazon.registrationTest.RegistrationTest" name="aloResgistrtion" time="3.982"/>
  <testcase classname="com.amazon.registrationTest.RegistrationTest" name="sokalResgistrtion" time="1.529"/>
  <testcase classname="com.amazon.registrationTest.RegistrationTest2" name="porontolResgistrtion" time="1.283"/>
  <testcase classname="com.amazon.registrationTest.RegistrationTest2" name="rudelaResgistrtion" time="1.117"/>
</testsuite> <!-- Test -->
