<?xml version="1.0" encoding="UTF-8"?>
<!-- Generated by org.testng.reporters.JUnitXMLReporter -->
<testsuite ignored="2" hostname="LAPTOP-5CK4J9DQ" failures="0" tests="2" name="Regression Test" time="9.22" errors="0" timestamp="2023-12-07T01:36:01 EST">
  <testcase classname="com.amazon.registrationTest.RegistrationTest" name="sokalResgistrtion" time="2.092"/>
  <testcase classname="com.amazon.registrationTest.RegistrationTest2" name="porontolResgistrtion" time="1.806"/>
  <testcase classname="com.amazon.registrationTest.RegistrationTest" name="aloResgistrtion" time="0.0">
    <ignored/>
  </testcase> <!-- aloResgistrtion -->
  <testcase classname="com.amazon.registrationTest.RegistrationTest2" name="rudelaResgistrtion" time="0.0">
    <ignored/>
  </testcase> <!-- rudelaResgistrtion -->
</testsuite> <!-- Regression Test -->
